[2026-06-19 14:53:20] : Begin
--------------------
*MCUTYPE* : STC8G1K08-8PIN
*MCUID* : F7A4C43B1A410B
*FILENAME* : D:\GitHub\CIMC\51_test\Objects\51.hex
*FILETIME* : 2026ƒÍ06‘¬19»’, 14:53:08
*FILESIZE* : 10984 (0x002AE8)
*CODESIZE* : 3764 (0x000EB4)
*CHECKSUM* : 0x0005B5FC
*ISPMODE* : 2
*ISPRESULT* : 0
--------------------
[2026-06-19 14:53:29] : End
--------------------------------------------------
[2026-06-19 15:17:11] : Begin
--------------------
*MCUTYPE* : STC8G1K08-8PIN
*MCUID* : F7A4C43B1A410B
*FILENAME* : D:\GitHub\CIMC\51_test\Objects\51.hex
*FILETIME* : 2026ƒÍ06‘¬19»’, 14:53:08
*FILESIZE* : 10984 (0x002AE8)
*CODESIZE* : 3764 (0x000EB4)
*CHECKSUM* : 0x0005B5FC
*ISPMODE* : 2
*ISPRESULT* : 0
--------------------
[2026-06-19 15:17:17] : End
--------------------------------------------------
[2026-06-19 15:31:41] : Begin
--------------------
*MCUTYPE* : STC8G1K08-8PIN
*MCUID* : F7A4C43B1A410B
*FILENAME* : D:\GitHub\CIMC\51_test\Objects\51.hex
*FILETIME* : 2026ƒÍ06‘¬19»’, 14:53:08
*FILESIZE* : 10984 (0x002AE8)
*CODESIZE* : 3764 (0x000EB4)
*CHECKSUM* : 0x0005B5FC
*ISPMODE* : 2
*ISPRESULT* : 0
--------------------
[2026-06-19 15:31:51] : End
--------------------------------------------------
[2026-06-19 15:32:11] : Begin
--------------------
*MCUTYPE* : STC8G1K08-8PIN
*MCUID* : F7A4C43B1A410B
*FILENAME* : D:\GitHub\CIMC\51\Objects\51.hex
*FILETIME* : 2026ƒÍ06‘¬19»’, 15:31:32
*FILESIZE* : 4409 (0x001139)
*CODESIZE* : 1483 (0x0005CB)
*CHECKSUM* : 0x000290C2
*ISPMODE* : 2
*ISPRESULT* : 0
--------------------
[2026-06-19 15:32:15] : End
--------------------------------------------------
[2026-06-19 15:38:45] : Begin
--------------------
*MCUTYPE* : STC8G1K08-8PIN
*MCUID* : F7A4C43B1A410B
*FILENAME* : D:\GitHub\CIMC\51\Objects\51.hex
*FILETIME* : 2026ƒÍ06‘¬19»’, 15:38:38
*FILESIZE* : 4415 (0x00113F)
*CODESIZE* : 1486 (0x0005CE)
*CHECKSUM* : 0x0002937F
*ISPMODE* : 2
*ISPRESULT* : 0
--------------------
[2026-06-19 15:38:51] : End
--------------------------------------------------
[2026-06-19 15:44:49] : Begin
--------------------
*MCUTYPE* : STC8G1K08-8PIN
*MCUID* : F7A4C43B1A410B
*FILENAME* : D:\GitHub\CIMC\51\Objects\51.hex
*FILETIME* : 2026ƒÍ06‘¬19»’, 15:44:32
*FILESIZE* : 4415 (0x00113F)
*CODESIZE* : 1486 (0x0005CE)
*CHECKSUM* : 0x000293A2
*ISPMODE* : 2
*ISPRESULT* : 0
--------------------
[2026-06-19 15:44:54] : End
--------------------------------------------------
[2026-06-19 15:46:23] : Begin
--------------------
*MCUTYPE* : STC8G1K08-8PIN
*FILENAME* : D:\GitHub\CIMC\51\Objects\51.hex
*FILETIME* : 2026ƒÍ06‘¬19»’, 15:44:32
*FILESIZE* : 4415 (0x00113F)
*CODESIZE* : 1486 (0x0005CE)
*CHECKSUM* : 0x000293A2
*ISPMODE* : 1
*ISPRESULT* : 3
--------------------
[2026-06-19 15:46:58] : End
--------------------------------------------------
[2026-06-19 15:46:59] : Begin
--------------------
*MCUTYPE* : STC8G1K08-8PIN
*FILENAME* : D:\GitHub\CIMC\51\Objects\51.hex
*FILETIME* : 2026ƒÍ06‘¬19»’, 15:44:32
*FILESIZE* : 4415 (0x00113F)
*CODESIZE* : 1486 (0x0005CE)
*CHECKSUM* : 0x000293A2
*ISPMODE* : 1
*ISPRESULT* : 3
--------------------
[2026-06-19 15:47:46] : End
--------------------------------------------------
[2026-06-19 15:47:47] : Begin
--------------------
*MCUTYPE* : STC8G1K08-8PIN
*FILENAME* : D:\GitHub\CIMC\51\Objects\51.hex
*FILETIME* : 2026ƒÍ06‘¬19»’, 15:44:32
*FILESIZE* : 4415 (0x00113F)
*CODESIZE* : 1486 (0x0005CE)
*CHECKSUM* : 0x000293A2
*ISPMODE* : 1
*ISPRESULT* : 5
--------------------
[2026-06-19 15:47:52] : End
--------------------------------------------------
[2026-06-19 15:47:56] : Begin
--------------------
*MCUTYPE* : STC8G1K08-8PIN
*MCUID* : F7A4C4FE16FD5E
*FILENAME* : D:\GitHub\CIMC\51\Objects\51.hex
*FILETIME* : 2026ƒÍ06‘¬19»’, 15:44:32
*FILESIZE* : 4415 (0x00113F)
*CODESIZE* : 1486 (0x0005CE)
*CHECKSUM* : 0x000293A2
*ISPMODE* : 2
*ISPRESULT* : 0
--------------------
[2026-06-19 15:48:01] : End
--------------------------------------------------
